e:\project_cymple\cymple_steamvr\src\cymple_steamvr\x64\debug\vc143.pdb
e:\project_cymple\cymple_steamvr\src\cymple_steamvr\x64\debug\vc143.idb
e:\project_cymple\cymple_steamvr\src\cymple_steamvr\x64\debug\virtualtracker.obj
e:\project_cymple\cymple_steamvr\src\cymple_steamvr\x64\debug\hmd.obj
e:\project_cymple\cymple_steamvr\src\cymple_steamvr\x64\debug\provider.obj
e:\project_cymple\cymple_steamvr\src\cymple_steamvr\x64\debug\udp.obj
e:\project_cymple\cymple_steamvr\src\cymple_steamvr\x64\debug\driverlog.obj
e:\project_cymple\cymple_steamvr\src\cymple_steamvr\x64\debug\basic.obj
e:\project_cymple\cymple_steamvr\src\cymple_steamvr\x64\debug\driverfactory.obj
e:\project_cymple\cymple_steamvr\src\cymple_steamvr\x64\debug\eyetracker.obj
e:\steam\steamapps\common\steamvr\drivers\cymple_debug\bin\win64\driver_cymple_debug.dll
e:\steam\steamapps\common\steamvr\drivers\cymple_debug\bin\win64\driver_cymple_debug.pdb
e:\steam\steamapps\common\steamvr\drivers\cymple_debug\bin\win64\driver_cymple_debug.lib
e:\steam\steamapps\common\steamvr\drivers\cymple_debug\bin\win64\driver_cymple_debug.exp
e:\project_cymple\cymple_steamvr\src\cymple_steamvr\x64\debug\driver_cymple_debug.ilk
e:\project_cymple\cymple_steamvr\src\cymple_steamvr\x64\debug\cymple_steamvr.tlog\cl.command.1.tlog
e:\project_cymple\cymple_steamvr\src\cymple_steamvr\x64\debug\cymple_steamvr.tlog\cl.items.tlog
e:\project_cymple\cymple_steamvr\src\cymple_steamvr\x64\debug\cymple_steamvr.tlog\cl.read.1.tlog
e:\project_cymple\cymple_steamvr\src\cymple_steamvr\x64\debug\cymple_steamvr.tlog\cl.write.1.tlog
e:\project_cymple\cymple_steamvr\src\cymple_steamvr\x64\debug\cymple_steamvr.tlog\link.command.1.tlog
e:\project_cymple\cymple_steamvr\src\cymple_steamvr\x64\debug\cymple_steamvr.tlog\link.read.1.tlog
e:\project_cymple\cymple_steamvr\src\cymple_steamvr\x64\debug\cymple_steamvr.tlog\link.secondary.1.tlog
e:\project_cymple\cymple_steamvr\src\cymple_steamvr\x64\debug\cymple_steamvr.tlog\link.write.1.tlog
