e:\project_cymple\cympletag_driver_steamvr\src\x64\release\vc143.pdb
e:\project_cymple\cympletag_driver_steamvr\src\x64\release\udp.obj
e:\project_cymple\cympletag_driver_steamvr\src\x64\release\hmd.obj
e:\project_cymple\cympletag_driver_steamvr\src\x64\release\driverfactory.obj
e:\project_cymple\cympletag_driver_steamvr\src\x64\release\driverlog.obj
e:\project_cymple\cympletag_driver_steamvr\src\x64\release\tracker.obj
e:\project_cymple\cympletag_driver_steamvr\src\x64\release\provider.obj
e:\project_cymple\cympletag_driver_steamvr\src\x64\release\basics.obj
e:\project_cymple\cympletag_driver_steamvr\output\cympletag_release\bin\win64\driver_cympletag_release.dll
e:\project_cymple\cympletag_driver_steamvr\src\x64\release\driver_cympletag_release.ipdb
e:\project_cymple\cympletag_driver_steamvr\output\cympletag_release\bin\win64\driver_cympletag_release.pdb
e:\project_cymple\cympletag_driver_steamvr\src\x64\release\driver_cympletag_release.iobj
e:\project_cymple\cympletag_driver_steamvr\output\cympletag_release\bin\win64\driver_cympletag_release.lib
e:\project_cymple\cympletag_driver_steamvr\output\cympletag_release\bin\win64\driver_cympletag_release.exp
e:\project_cymple\cympletag_driver_steamvr\src\x64\release\cympleta.a47c788b.tlog\cl.command.1.tlog
e:\project_cymple\cympletag_driver_steamvr\src\x64\release\cympleta.a47c788b.tlog\cl.items.tlog
e:\project_cymple\cympletag_driver_steamvr\src\x64\release\cympleta.a47c788b.tlog\cl.read.1.tlog
e:\project_cymple\cympletag_driver_steamvr\src\x64\release\cympleta.a47c788b.tlog\cl.write.1.tlog
e:\project_cymple\cympletag_driver_steamvr\src\x64\release\cympleta.a47c788b.tlog\link.command.1.tlog
e:\project_cymple\cympletag_driver_steamvr\src\x64\release\cympleta.a47c788b.tlog\link.read.1.tlog
e:\project_cymple\cympletag_driver_steamvr\src\x64\release\cympleta.a47c788b.tlog\link.write.1.tlog
e:\project_cymple\cympletag_driver_steamvr\src\x64\release\cympleta.a47c788b.tlog\link.write.2u.tlog
