e:\project_cymple\cymple_steamvr\src\cymple_steamvr\x64\release\vc143.pdb
e:\project_cymple\cymple_steamvr\src\cymple_steamvr\x64\release\provider.obj
e:\project_cymple\cymple_steamvr\src\cymple_steamvr\x64\release\udp.obj
e:\project_cymple\cymple_steamvr\src\cymple_steamvr\x64\release\eyetracker.obj
e:\project_cymple\cymple_steamvr\src\cymple_steamvr\x64\release\driverlog.obj
e:\project_cymple\cymple_steamvr\src\cymple_steamvr\x64\release\debughmd.obj
e:\project_cymple\cymple_steamvr\src\cymple_steamvr\x64\release\debugcontroller.obj
e:\project_cymple\cymple_steamvr\src\cymple_steamvr\x64\release\basic.obj
e:\project_cymple\cymple_steamvr\src\cymple_steamvr\x64\release\driverfactory.obj
e:\steam\steamapps\common\steamvr\drivers\cymple_release\bin\win64\driver_cymple_release.dll
e:\steam\steamapps\common\steamvr\drivers\cymple_release\bin\win64\driver_cymple_release.pdb
e:\steam\steamapps\common\steamvr\drivers\cymple_release\bin\win64\driver_cymple_release.lib
e:\steam\steamapps\common\steamvr\drivers\cymple_release\bin\win64\driver_cymple_release.exp
e:\project_cymple\cymple_steamvr\src\cymple_steamvr\x64\release\driver_cymple_release.ipdb
e:\project_cymple\cymple_steamvr\src\cymple_steamvr\x64\release\driver_cymple_release.iobj
e:\project_cymple\cymple_steamvr\src\cymple_steamvr\x64\release\cymple_steamvr.tlog\cl.command.1.tlog
e:\project_cymple\cymple_steamvr\src\cymple_steamvr\x64\release\cymple_steamvr.tlog\cl.items.tlog
e:\project_cymple\cymple_steamvr\src\cymple_steamvr\x64\release\cymple_steamvr.tlog\cl.read.1.tlog
e:\project_cymple\cymple_steamvr\src\cymple_steamvr\x64\release\cymple_steamvr.tlog\cl.write.1.tlog
e:\project_cymple\cymple_steamvr\src\cymple_steamvr\x64\release\cymple_steamvr.tlog\link.command.1.tlog
e:\project_cymple\cymple_steamvr\src\cymple_steamvr\x64\release\cymple_steamvr.tlog\link.read.1.tlog
e:\project_cymple\cymple_steamvr\src\cymple_steamvr\x64\release\cymple_steamvr.tlog\link.secondary.1.tlog
e:\project_cymple\cymple_steamvr\src\cymple_steamvr\x64\release\cymple_steamvr.tlog\link.write.1.tlog
