d:\cytag\cytag_driver_steamvr\src\x64\debug\vc143.pdb
d:\cytag\cytag_driver_steamvr\src\x64\debug\vc143.idb
d:\cytag\cytag_driver_steamvr\src\x64\debug\udp.obj
d:\cytag\cytag_driver_steamvr\src\x64\debug\hmd.obj
d:\cytag\cytag_driver_steamvr\src\x64\debug\driverfactory.obj
d:\cytag\cytag_driver_steamvr\src\x64\debug\driverlog.obj
d:\cytag\cytag_driver_steamvr\src\x64\debug\tracker.obj
d:\cytag\cytag_driver_steamvr\src\x64\debug\provider.obj
d:\cytag\cytag_driver_steamvr\src\x64\debug\basics.obj
e:\steam\steamapps\common\steamvr\drivers\cytag_debug\bin\win64\driver_cytag_debug.lib
e:\steam\steamapps\common\steamvr\drivers\cytag_debug\bin\win64\driver_cytag_debug.exp
e:\steam\steamapps\common\steamvr\drivers\cytag_debug\bin\win64\driver_cytag_debug.dll
d:\cytag\cytag_driver_steamvr\src\x64\debug\driver_cytag_debug.ilk
e:\steam\steamapps\common\steamvr\drivers\cytag_debug\bin\win64\driver_cytag_debug.pdb
d:\cytag\cytag_driver_steamvr\src\x64\debug\cytag_driver.tlog\cl.command.1.tlog
d:\cytag\cytag_driver_steamvr\src\x64\debug\cytag_driver.tlog\cl.read.1.tlog
d:\cytag\cytag_driver_steamvr\src\x64\debug\cytag_driver.tlog\cl.write.1.tlog
d:\cytag\cytag_driver_steamvr\src\x64\debug\cytag_driver.tlog\cytag_driver.write.1u.tlog
d:\cytag\cytag_driver_steamvr\src\x64\debug\cytag_driver.tlog\link.command.1.tlog
d:\cytag\cytag_driver_steamvr\src\x64\debug\cytag_driver.tlog\link.read.1.tlog
d:\cytag\cytag_driver_steamvr\src\x64\debug\cytag_driver.tlog\link.write.1.tlog
