e:\project_cymple\cympletag_driver_steamvr\src\x64\debug\vc143.pdb
e:\project_cymple\cympletag_driver_steamvr\src\x64\debug\vc143.idb
e:\project_cymple\cympletag_driver_steamvr\src\x64\debug\udp.obj
e:\project_cymple\cympletag_driver_steamvr\src\x64\debug\hmd.obj
e:\project_cymple\cympletag_driver_steamvr\src\x64\debug\driverfactory.obj
e:\project_cymple\cympletag_driver_steamvr\src\x64\debug\driverlog.obj
e:\project_cymple\cympletag_driver_steamvr\src\x64\debug\tracker.obj
e:\project_cymple\cympletag_driver_steamvr\src\x64\debug\provider.obj
e:\project_cymple\cympletag_driver_steamvr\src\x64\debug\basics.obj
e:\project_cymple\cympletag_driver_steamvr\src\x64\debug\driver_cympletag_debug.ilk
e:\project_cymple\cympletag_driver_steamvr\output\cympletag_debug\bin\win64\driver_cympletag_debug.dll
e:\project_cymple\cympletag_driver_steamvr\output\cympletag_debug\bin\win64\driver_cympletag_debug.pdb
e:\project_cymple\cympletag_driver_steamvr\output\cympletag_debug\bin\win64\driver_cympletag_debug.lib
e:\project_cymple\cympletag_driver_steamvr\output\cympletag_debug\bin\win64\driver_cympletag_debug.exp
e:\project_cymple\cympletag_driver_steamvr\src\x64\debug\driver_cytag_debug.ilk
e:\project_cymple\cympletag_driver_steamvr\src\x64\debug\cympleta.a47c788b.tlog\cl.command.1.tlog
e:\project_cymple\cympletag_driver_steamvr\src\x64\debug\cympleta.a47c788b.tlog\cl.items.tlog
e:\project_cymple\cympletag_driver_steamvr\src\x64\debug\cympleta.a47c788b.tlog\cl.read.1.tlog
e:\project_cymple\cympletag_driver_steamvr\src\x64\debug\cympleta.a47c788b.tlog\cl.write.1.tlog
e:\project_cymple\cympletag_driver_steamvr\src\x64\debug\cympleta.a47c788b.tlog\link.command.1.tlog
e:\project_cymple\cympletag_driver_steamvr\src\x64\debug\cympleta.a47c788b.tlog\link.read.1.tlog
e:\project_cymple\cympletag_driver_steamvr\src\x64\debug\cympleta.a47c788b.tlog\link.write.1.tlog
e:\project_cymple\cympletag_driver_steamvr\src\x64\debug\cympleta.a47c788b.tlog\link.write.2u.tlog
